

> @hnineds/storybook@0.0.1 build /Users/randor/hnineds/apps/storybook
> storybook build

[1m@storybook/core v8.6.17
[22m
[32minfo[0m[35m[0m => Cleaning outputDir: [36mstorybook-static[39m
[0m[33mThe CJS build of Vite's Node API is deprecated. See https://vite.dev/guide/troubleshooting.html#vite-cjs-node-api-deprecated for more details.[39m
[32minfo[0m[35m[0m => Loading presets
[0m[32minfo[0m[35m[0m => Building manager..
[0m[32minfo[0m[35m[0m => Manager built ([38;2;181;126;229m71 ms[39m)
[0m[32minfo[0m[35m[0m => Building preview..
[0m[32minfo[0m[35m[0m Using tsconfig paths for react-docgen
[0m[36mvite v5.4.21 [32mbuilding for production...[36m[39m
[2K[1Gtransforming (1) [2miframe.html[22m[2K[1Gtransforming (27) [2m../../node_modules/.pnpm/@storybook+addon-measure@8.6.14_storybook@8.6.17/node_modules/@storybook/addon-measure/dist/preview.mjs[22m[2K[1Gtransforming (30) [2m../../node_modules/.pnpm/ts-dedent@2.2.0/node_modules/ts-dedent/esm/index.js[22m[2K[1Gtransforming (91) [2m../../node_modules/.pnpm/mdast-util-to-hast@13.2.1/node_modules/mdast-util-to-hast/lib/index.js[22m[2K[1Gtransforming (166) [2m../../node_modules/.pnpm/mdast-util-to-hast@13.2.1/node_modules/mdast-util-to-hast/lib/revert.js[22m[2K[1Gtransforming (213) [2m../../node_modules/.pnpm/micromark-util-combine-extensions@2.0.1/node_modules/micromark-util-combine-extensions/index.js[22m[2K[1Gtransforming (253) [2m../../node_modules/.pnpm/micromark-util-html-tag-name@2.0.1/node_modules/micromark-util-html-tag-name/index.js[22m[2K[1G[32m✓[39m 292 modules transformed.
[2K[1G../../node_modules/.pnpm/@storybook+core@8.6.17_storybook@8.6.17/node_modules/@storybook/core/dist/preview/runtime.js (3683:15): Use of eval in "../../node_modules/.pnpm/@storybook+core@8.6.17_storybook@8.6.17/node_modules/@storybook/core/dist/preview/runtime.js" is strongly discouraged as it poses security risks and may cause issues with minification.
[2K[1G../../node_modules/.pnpm/@storybook+core@8.6.17_storybook@8.6.17/node_modules/@storybook/core/dist/preview/runtime.js (3685:16): Use of eval in "../../node_modules/.pnpm/@storybook+core@8.6.17_storybook@8.6.17/node_modules/@storybook/core/dist/preview/runtime.js" is strongly discouraged as it poses security risks and may cause issues with minification.
[2K[1Grendering chunks (1)...[2K[1Grendering chunks (2)...[2K[1Grendering chunks (3)...[2K[1Grendering chunks (4)...[2K[1Grendering chunks (5)...[2K[1Grendering chunks (6)...[2K[1Grendering chunks (7)...[2K[1Grendering chunks (8)...[2K[1Grendering chunks (9)...[2K[1Grendering chunks (10)...[2K[1Grendering chunks (11)...[2K[1Grendering chunks (12)...[2K[1Grendering chunks (13)...[2K[1Grendering chunks (14)...[2K[1Grendering chunks (15)...[2K[1Grendering chunks (16)...[2K[1Grendering chunks (17)...[2K[1Grendering chunks (18)...[2K[1Grendering chunks (19)...[2K[1Grendering chunks (20)...[2K[1Grendering chunks (21)...[2K[1Grendering chunks (22)...[2K[1Grendering chunks (23)...[2K[1Grendering chunks (24)...[2K[1Grendering chunks (25)...[2K[1Grendering chunks (26)...[2K[1Grendering chunks (27)...[2K[1Grendering chunks (28)...[2K[1Grendering chunks (29)...[2K[1Grendering chunks (30)...[2K[1Grendering chunks (31)...[2K[1Grendering chunks (32)...[2K[1Grendering chunks (33)...[2K[1Grendering chunks (34)...[2K[1Grendering chunks (35)...[2K[1G[2K[1Gcomputing gzip size (0)...[2K[1Gcomputing gzip size (1)...[2K[1Gcomputing gzip size (2)...[2K[1Gcomputing gzip size (3)...[2K[1Gcomputing gzip size (4)...[2K[1Gcomputing gzip size (5)...[2K[1Gcomputing gzip size (6)...[2K[1Gcomputing gzip size (7)...[2K[1Gcomputing gzip size (8)...[2K[1Gcomputing gzip size (9)...[2K[1Gcomputing gzip size (10)...[2K[1Gcomputing gzip size (11)...[2K[1Gcomputing gzip size (12)...[2K[1Gcomputing gzip size (13)...[2K[1Gcomputing gzip size (14)...[2K[1Gcomputing gzip size (15)...[2K[1Gcomputing gzip size (16)...[2K[1Gcomputing gzip size (17)...[2K[1Gcomputing gzip size (18)...[2K[1Gcomputing gzip size (19)...[2K[1Gcomputing gzip size (20)...[2K[1Gcomputing gzip size (21)...[2K[1Gcomputing gzip size (22)...[2K[1Gcomputing gzip size (23)...[2K[1Gcomputing gzip size (24)...[2K[1Gcomputing gzip size (25)...[2K[1Gcomputing gzip size (26)...[2K[1Gcomputing gzip size (27)...[2K[1Gcomputing gzip size (28)...[2K[1Gcomputing gzip size (29)...[2K[1Gcomputing gzip size (30)...[2K[1Gcomputing gzip size (31)...[2K[1Gcomputing gzip size (32)...[2K[1Gcomputing gzip size (33)...[2K[1Gcomputing gzip size (34)...[2K[1Gcomputing gzip size (35)...[2K[1Gcomputing gzip size (36)...[2K[1G[2mstorybook-static/[22m[32miframe.html                                 [39m[1m[2m 17.55 kB[22m[1m[22m[2m │ gzip:   4.98 kB[22m
[2mstorybook-static/[22m[2massets/[22m[36mclient-uQQDTWrq.js                   [39m[1m[2m  0.09 kB[22m[1m[22m[2m │ gzip:   0.10 kB[22m
[2mstorybook-static/[22m[2massets/[22m[36mpreview-C6b3myaT.js                  [39m[1m[2m  0.12 kB[22m[1m[22m[2m │ gzip:   0.13 kB[22m
[2mstorybook-static/[22m[2massets/[22m[36mpreview-CylB7Pq0.js                  [39m[1m[2m  0.16 kB[22m[1m[22m[2m │ gzip:   0.16 kB[22m
[2mstorybook-static/[22m[2massets/[22m[36mpreview-CvbIS5ZJ.js                  [39m[1m[2m  0.18 kB[22m[1m[22m[2m │ gzip:   0.16 kB[22m
[2mstorybook-static/[22m[2massets/[22m[36mindex-RbKL8T8R.js                    [39m[1m[2m  0.42 kB[22m[1m[22m[2m │ gzip:   0.27 kB[22m
[2mstorybook-static/[22m[2massets/[22m[36mchunk-XP5HYGXS-BHXC9YeQ.js           [39m[1m[2m  0.71 kB[22m[1m[22m[2m │ gzip:   0.40 kB[22m
[2mstorybook-static/[22m[2massets/[22m[36mpreview-DGUiP6tS.js                  [39m[1m[2m  0.71 kB[22m[1m[22m[2m │ gzip:   0.50 kB[22m
[2mstorybook-static/[22m[2massets/[22m[36mindex-DrFu-skq.js                    [39m[1m[2m  0.77 kB[22m[1m[22m[2m │ gzip:   0.47 kB[22m
[2mstorybook-static/[22m[2massets/[22m[36mreact-18-XgfSh4Fx.js                 [39m[1m[2m  0.79 kB[22m[1m[22m[2m │ gzip:   0.47 kB[22m
[2mstorybook-static/[22m[2massets/[22m[36mpreview-D-YGz5p6.js                  [39m[1m[2m  0.89 kB[22m[1m[22m[2m │ gzip:   0.57 kB[22m
[2mstorybook-static/[22m[2massets/[22m[36mjsx-runtime-DFAAy_2V.js              [39m[1m[2m  0.92 kB[22m[1m[22m[2m │ gzip:   0.58 kB[22m
[2mstorybook-static/[22m[2massets/[22m[36mStylesChangelog.stories-DRxnYPCM.js  [39m[1m[2m  1.07 kB[22m[1m[22m[2m │ gzip:   0.73 kB[22m
[2mstorybook-static/[22m[2massets/[22m[36mCoreChangelog.stories-pI_ZNm7O.js    [39m[1m[2m  1.15 kB[22m[1m[22m[2m │ gzip:   0.84 kB[22m
[2mstorybook-static/[22m[2massets/[22m[36mcomponentNames-CeSVfcGm.js           [39m[1m[2m  2.10 kB[22m[1m[22m[2m │ gzip:   1.22 kB[22m
[2mstorybook-static/[22m[2massets/[22m[36mButton-COMyh3jI.js                   [39m[1m[2m  2.60 kB[22m[1m[22m[2m │ gzip:   1.14 kB[22m
[2mstorybook-static/[22m[2massets/[22m[36mpreview-DD_OYowb.js                  [39m[1m[2m  3.51 kB[22m[1m[22m[2m │ gzip:   1.69 kB[22m
[2mstorybook-static/[22m[2massets/[22m[36mpreview-B8lJiyuQ.js                  [39m[1m[2m  5.06 kB[22m[1m[22m[2m │ gzip:   1.88 kB[22m
[2mstorybook-static/[22m[2massets/[22m[36mButton.stories-CPR5n7jh.js           [39m[1m[2m  5.80 kB[22m[1m[22m[2m │ gzip:   1.90 kB[22m
[2mstorybook-static/[22m[2massets/[22m[36mPromptInput-DkJEnGhD.js              [39m[1m[2m  6.54 kB[22m[1m[22m[2m │ gzip:   2.79 kB[22m
[2mstorybook-static/[22m[2massets/[22m[36mButton.stories-D0lfJUw9.js           [39m[1m[2m  7.26 kB[22m[1m[22m[2m │ gzip:   2.67 kB[22m
[2mstorybook-static/[22m[2massets/[22m[36mindex-Bc2G9s8g.js                    [39m[1m[2m  7.35 kB[22m[1m[22m[2m │ gzip:   2.96 kB[22m
[2mstorybook-static/[22m[2massets/[22m[36mpreview-BWzBA1C2.js                  [39m[1m[2m  7.62 kB[22m[1m[22m[2m │ gzip:   1.56 kB[22m
[2mstorybook-static/[22m[2massets/[22m[36mpreview-BBWR9nbA.js                  [39m[1m[2m  8.12 kB[22m[1m[22m[2m │ gzip:   3.10 kB[22m
[2mstorybook-static/[22m[2massets/[22m[36mPromptInput.stories-BNVSm-ej.js      [39m[1m[2m  8.81 kB[22m[1m[22m[2m │ gzip:   2.70 kB[22m
[2mstorybook-static/[22m[2massets/[22m[36mtest-utils-BrwJTTPO.js               [39m[1m[2m 12.94 kB[22m[1m[22m[2m │ gzip:   5.03 kB[22m
[2mstorybook-static/[22m[2massets/[22m[36mPromptInput.stories-DWKPlCFj.js      [39m[1m[2m 13.04 kB[22m[1m[22m[2m │ gzip:   3.94 kB[22m
[2mstorybook-static/[22m[2massets/[22m[36mColor-YHDXOIA2-CQHX1Nfz.js           [39m[1m[2m 29.33 kB[22m[1m[22m[2m │ gzip:  11.05 kB[22m
[2mstorybook-static/[22m[2massets/[22m[36mentry-preview-DHCz_Rfy.js            [39m[1m[2m 29.79 kB[22m[1m[22m[2m │ gzip:   9.54 kB[22m
[2mstorybook-static/[22m[2massets/[22m[36mindex-BMdOMNXv.js                    [39m[1m[2m 57.14 kB[22m[1m[22m[2m │ gzip:  16.29 kB[22m
[2mstorybook-static/[22m[2massets/[22m[36mindex-DuBXoRme.js                    [39m[1m[2m117.51 kB[22m[1m[22m[2m │ gzip:  36.09 kB[22m
[2mstorybook-static/[22m[2massets/[22m[36mindex-Dy83Z4lh.js                    [39m[1m[2m133.96 kB[22m[1m[22m[2m │ gzip:  43.14 kB[22m
[2mstorybook-static/[22m[2massets/[22m[36miframe-CZZ1B-JO.js                   [39m[1m[2m208.85 kB[22m[1m[22m[2m │ gzip:  71.90 kB[22m
[2mstorybook-static/[22m[2massets/[22m[36mentry-preview-docs-C5CX_rLn.js       [39m[1m[2m244.67 kB[22m[1m[22m[2m │ gzip:  73.42 kB[22m
[2mstorybook-static/[22m[2massets/[22m[36mindex-DzmOIHUG.js                    [39m[1m[33m662.27 kB[39m[22m[2m │ gzip: 156.74 kB[22m
[2mstorybook-static/[22m[2massets/[22m[36mDocsRenderer-CFRXHY34-4yhe2ssh.js    [39m[1m[33m884.00 kB[39m[22m[2m │ gzip: 275.84 kB[22m
[33m
(!) Some chunks are larger than 500 kB after minification. Consider:
- Using dynamic import() to code-split the application
- Use build.rollupOptions.output.manualChunks to improve chunking: https://rollupjs.org/configuration-options/#output-manualchunks
- Adjust chunk size limit for this warning via build.chunkSizeWarningLimit.[39m
[32m✓ built in 2.06s[39m
[32minfo[0m[35m[0m => Preview built ([38;2;181;126;229m2.38 s[39m)
[0m[32minfo[0m[35m[0m => Output directory: /Users/randor/hnineds/apps/storybook/storybook-static
[0m
